20/03/07 11:25:03 : Username and Password not accepted. Learn more at<EOL> https://support.google.com/mail/?p=BadCredentials c2sm17131221wma.39 - gsmtp<EOL>
20/03/07 11:26:23 : Username and Password not accepted. Learn more at<EOL> https://support.google.com/mail/?p=BadCredentials y12sm11530684wmi.48 - gsmtp<EOL>
20/03/07 11:28:18 : Username and Password not accepted. Learn more at<EOL> https://support.google.com/mail/?p=BadCredentials u21sm11019353wmm.48 - gsmtp<EOL>
20/03/07 11:41:41 : Username and Password not accepted. Learn more at<EOL> https://support.google.com/mail/?p=BadCredentials t1sm57239282wrs.41 - gsmtp<EOL>
20/03/07 11:47:26 : Username and Password not accepted. Learn more at<EOL> https://support.google.com/mail/?p=BadCredentials c8sm43395387wru.7 - gsmtp<EOL>
20/03/07 11:48:24 : Username and Password not accepted. Learn more at<EOL> https://support.google.com/mail/?p=BadCredentials c72sm11426368wme.35 - gsmtp<EOL>
20/04/20 00:40:54 : Message is missing recipient's address
20/04/20 00:45:43 : Message is missing recipient's address
20/04/20 00:48:31 : Message is missing recipient's address
20/04/20 00:48:49 : Message is missing recipient's address
20/04/20 00:49:48 : Message is missing recipient's address
20/04/20 00:49:56 : Message is missing recipient's address
20/04/20 00:49:58 : Message is missing recipient's address
20/04/20 00:50:00 : Message is missing recipient's address
20/04/20 00:50:54 : Message is missing recipient's address
20/04/20 00:54:56 : Message is missing recipient's address
20/04/20 00:54:59 : Message is missing recipient's address
20/04/20 00:59:18 : Message is missing recipient's address
20/04/20 00:59:32 : Message is missing recipient's address
20/04/20 01:04:28 : Message is missing recipient's address
20/04/20 01:04:42 : Message is missing recipient's address
20/04/20 01:07:21 : Message is missing recipient's address
